Copyright 1986-2022 Xilinx, Inc. All Rights Reserved. Copyright 2022-2024 Advanced Micro Devices, Inc. All Rights Reserved.
---------------------------------------------------------------------------------------------------------------------------------------------
| Tool Version : Vivado v.2024.1 (lin64) Build 5076996 Wed May 22 18:36:09 MDT 2024
| Date         : Wed Dec 11 11:48:02 2024
| Host         : eecs-digital-29 running 64-bit Ubuntu 24.04.1 LTS
| Command      : report_timing_summary -file obj/post_route_timing_summary.rpt
| Design       : top_level
| Device       : 7s50-csga324
| Speed File   : -1  PRODUCTION 1.23 2018-06-13
| Design State : Routed
---------------------------------------------------------------------------------------------------------------------------------------------

Timing Summary Report

------------------------------------------------------------------------------------------------
| Timer Settings
| --------------
------------------------------------------------------------------------------------------------

  Enable Multi Corner Analysis               :  Yes
  Enable Pessimism Removal                   :  Yes
  Pessimism Removal Resolution               :  Nearest Common Node
  Enable Input Delay Default Clock           :  No
  Enable Preset / Clear Arcs                 :  No
  Disable Flight Delays                      :  No
  Ignore I/O Paths                           :  No
  Timing Early Launch at Borrowing Latches   :  No
  Borrow Time for Max Delay Exceptions       :  Yes
  Merge Timing Exceptions                    :  Yes
  Inter-SLR Compensation                     :  Conservative

  Corner  Analyze    Analyze    
  Name    Max Paths  Min Paths  
  ------  ---------  ---------  
  Slow    Yes        Yes        
  Fast    Yes        Yes        


------------------------------------------------------------------------------------------------
| Report Methodology
| ------------------
------------------------------------------------------------------------------------------------

No report available as report_methodology has not been run prior. Run report_methodology on the current design for the summary of methodology violations.



check_timing report

Table of Contents
-----------------
1. checking no_clock (0)
2. checking constant_clock (0)
3. checking pulse_width_clock (0)
4. checking unconstrained_internal_endpoints (0)
5. checking no_input_delay (16)
6. checking no_output_delay (25)
7. checking multiple_clock (0)
8. checking generated_clocks (0)
9. checking loops (0)
10. checking partial_input_delay (0)
11. checking partial_output_delay (0)
12. checking latch_loops (0)

1. checking no_clock (0)
------------------------
 There are 0 register/latch pins with no clock.


2. checking constant_clock (0)
------------------------------
 There are 0 register/latch pins with constant_clock.


3. checking pulse_width_clock (0)
---------------------------------
 There are 0 register/latch pins which need pulse_width check


4. checking unconstrained_internal_endpoints (0)
------------------------------------------------
 There are 0 pins that are not constrained for maximum delay.

 There are 0 pins that are not constrained for maximum delay due to constant clock.


5. checking no_input_delay (16)
-------------------------------
 There are 16 input ports with no input delay specified. (HIGH)

 There are 0 input ports with no input delay but user has a false path constraint.


6. checking no_output_delay (25)
--------------------------------
 There are 25 ports with no output delay specified. (HIGH)

 There are 0 ports with no output delay but user has a false path constraint

 There are 0 ports with no output delay but with a timing clock defined on it or propagating through it


7. checking multiple_clock (0)
------------------------------
 There are 0 register/latch pins with multiple clocks.


8. checking generated_clocks (0)
--------------------------------
 There are 0 generated clocks that are not connected to a clock source.


9. checking loops (0)
---------------------
 There are 0 combinational loops in the design.


10. checking partial_input_delay (0)
------------------------------------
 There are 0 input ports with partial input delay specified.


11. checking partial_output_delay (0)
-------------------------------------
 There are 0 ports with partial output delay specified.


12. checking latch_loops (0)
----------------------------
 There are 0 combinational latch loops in the design through latch input



------------------------------------------------------------------------------------------------
| Design Timing Summary
| ---------------------
------------------------------------------------------------------------------------------------

    WNS(ns)      TNS(ns)  TNS Failing Endpoints  TNS Total Endpoints      WHS(ns)      THS(ns)  THS Failing Endpoints  THS Total Endpoints     WPWS(ns)     TPWS(ns)  TPWS Failing Endpoints  TPWS Total Endpoints  
    -------      -------  ---------------------  -------------------      -------      -------  ---------------------  -------------------     --------     --------  ----------------------  --------------------  
      1.005        0.000                      0                 3332        0.081        0.000                      0                 3332        0.538        0.000                       0                  1835  


All user specified timing constraints are met.


------------------------------------------------------------------------------------------------
| Clock Summary
| -------------
------------------------------------------------------------------------------------------------

Clock                  Waveform(ns)         Period(ns)      Frequency(MHz)
-----                  ------------         ----------      --------------
gclk                   {0.000 4.000}        10.000          100.000         
  clk_pixel_clk_wiz_0  {0.000 6.734}        13.468          74.250          
  clk_tmds_clk_wiz_0   {0.000 1.347}        2.694           371.250         
  clkfbout_clk_wiz_0   {0.000 25.000}       50.000          20.000          


------------------------------------------------------------------------------------------------
| Intra Clock Table
| -----------------
------------------------------------------------------------------------------------------------

Clock                      WNS(ns)      TNS(ns)  TNS Failing Endpoints  TNS Total Endpoints      WHS(ns)      THS(ns)  THS Failing Endpoints  THS Total Endpoints     WPWS(ns)     TPWS(ns)  TPWS Failing Endpoints  TPWS Total Endpoints  
-----                      -------      -------  ---------------------  -------------------      -------      -------  ---------------------  -------------------     --------     --------  ----------------------  --------------------  
gclk                                                                                                                                                                     2.000        0.000                       0                     1  
  clk_pixel_clk_wiz_0        1.005        0.000                      0                 3332        0.081        0.000                      0                 3332        6.234        0.000                       0                  1823  
  clk_tmds_clk_wiz_0                                                                                                                                                     0.538        0.000                       0                     8  
  clkfbout_clk_wiz_0                                                                                                                                                    47.845        0.000                       0                     3  


------------------------------------------------------------------------------------------------
| Inter Clock Table
| -----------------
------------------------------------------------------------------------------------------------

From Clock    To Clock          WNS(ns)      TNS(ns)  TNS Failing Endpoints  TNS Total Endpoints      WHS(ns)      THS(ns)  THS Failing Endpoints  THS Total Endpoints  
----------    --------          -------      -------  ---------------------  -------------------      -------      -------  ---------------------  -------------------  


------------------------------------------------------------------------------------------------
| Other Path Groups Table
| -----------------------
------------------------------------------------------------------------------------------------

Path Group    From Clock    To Clock          WNS(ns)      TNS(ns)  TNS Failing Endpoints  TNS Total Endpoints      WHS(ns)      THS(ns)  THS Failing Endpoints  THS Total Endpoints  
----------    ----------    --------          -------      -------  ---------------------  -------------------      -------      -------  ---------------------  -------------------  


------------------------------------------------------------------------------------------------
| Timing Details
| --------------
------------------------------------------------------------------------------------------------


---------------------------------------------------------------------------------------------------
From Clock:  gclk
  To Clock:  gclk

Setup :           NA  Failing Endpoints,  Worst Slack           NA  ,  Total Violation           NA
Hold  :           NA  Failing Endpoints,  Worst Slack           NA  ,  Total Violation           NA
PW    :            0  Failing Endpoints,  Worst Slack        2.000ns,  Total Violation        0.000ns
---------------------------------------------------------------------------------------------------


Pulse Width Checks
--------------------------------------------------------------------------------------
Clock Name:         gclk
Waveform(ns):       { 0.000 4.000 }
Period(ns):         10.000
Sources:            { clk_100mhz }

Check Type        Corner  Lib Pin            Reference Pin  Required(ns)  Actual(ns)  Slack(ns)  Location         Pin
Min Period        n/a     MMCME2_ADV/CLKIN1  n/a            1.249         10.000      8.751      MMCME2_ADV_X0Y0  mhdmicw/mmcm_adv_inst/CLKIN1
Max Period        n/a     MMCME2_ADV/CLKIN1  n/a            100.000       10.000      90.000     MMCME2_ADV_X0Y0  mhdmicw/mmcm_adv_inst/CLKIN1
Low Pulse Width   Slow    MMCME2_ADV/CLKIN1  n/a            2.000         6.000       4.000      MMCME2_ADV_X0Y0  mhdmicw/mmcm_adv_inst/CLKIN1
High Pulse Width  Slow    MMCME2_ADV/CLKIN1  n/a            2.000         4.000       2.000      MMCME2_ADV_X0Y0  mhdmicw/mmcm_adv_inst/CLKIN1



---------------------------------------------------------------------------------------------------
From Clock:  clk_pixel_clk_wiz_0
  To Clock:  clk_pixel_clk_wiz_0

Setup :            0  Failing Endpoints,  Worst Slack        1.005ns,  Total Violation        0.000ns
Hold  :            0  Failing Endpoints,  Worst Slack        0.081ns,  Total Violation        0.000ns
PW    :            0  Failing Endpoints,  Worst Slack        6.234ns,  Total Violation        0.000ns
---------------------------------------------------------------------------------------------------


Max Delay Paths
--------------------------------------------------------------------------------------
Slack (MET) :             1.005ns  (required time - arrival time)
  Source:                 rod2_buf_reg[2]/C
                            (rising edge-triggered cell FDRE clocked by clk_pixel_clk_wiz_0  {rise@0.000ns fall@6.734ns period=13.468ns})
  Destination:            pke/prompt_reg__0/PCIN[0]
                            (rising edge-triggered cell DSP48E1 clocked by clk_pixel_clk_wiz_0  {rise@0.000ns fall@6.734ns period=13.468ns})
  Path Group:             clk_pixel_clk_wiz_0
  Path Type:              Setup (Max at Slow Process Corner)
  Requirement:            13.468ns  (clk_pixel_clk_wiz_0 rise@13.468ns - clk_pixel_clk_wiz_0 rise@0.000ns)
  Data Path Delay:        10.958ns  (logic 7.445ns (67.939%)  route 3.513ns (32.061%))
  Logic Levels:           9  (CARRY4=5 DSP48E1=1 LUT3=1 LUT4=2)
  Clock Path Skew:        0.064ns (DCD - SCD + CPR)
    Destination Clock Delay (DCD):    -1.469ns = ( 11.999 - 13.468 ) 
    Source Clock Delay      (SCD):    -0.957ns
    Clock Pessimism Removal (CPR):    0.576ns
  Clock Uncertainty:      0.168ns  ((TSJ^2 + DJ^2)^1/2) / 2 + PE
    Total System Jitter     (TSJ):    0.071ns
    Discrete Jitter          (DJ):    0.329ns
    Phase Error              (PE):    0.000ns

    Location             Delay type                Incr(ns)  Path(ns)    Netlist Resource(s)
  -------------------------------------------------------------------    -------------------
                         (clock clk_pixel_clk_wiz_0 rise edge)
                                                      0.000     0.000 r  
    N15                                               0.000     0.000 r  clk_100mhz (IN)
                         net (fo=0)                   0.000     0.000    mhdmicw/clk_100mhz
    N15                  IBUF (Prop_ibuf_I_O)         1.440     1.440 r  mhdmicw/clkin1_ibufg/O
                         net (fo=1, routed)           1.233     2.673    mhdmicw/clk_ref_clk_wiz_0
    MMCME2_ADV_X0Y0      MMCME2_ADV (Prop_mmcme2_adv_CLKIN1_CLKOUT0)
                                                     -6.965    -4.291 r  mhdmicw/mmcm_adv_inst/CLKOUT0
                         net (fo=1, routed)           1.666    -2.625    mhdmicw/clk_pixel_clk_wiz_0
    BUFGCTRL_X0Y0        BUFG (Prop_bufg_I_O)         0.096    -2.529 r  mhdmicw/clkout1_buf/O
                         net (fo=1822, routed)        1.572    -0.957    clk_pixel
    SLICE_X54Y0          FDRE                                         r  rod2_buf_reg[2]/C
  -------------------------------------------------------------------    -------------------
    SLICE_X54Y0          FDRE (Prop_fdre_C_Q)         0.518    -0.439 r  rod2_buf_reg[2]/Q
                         net (fo=3, routed)           0.944     0.506    pke/p_2_in[2]
    SLICE_X56Y0          LUT3 (Prop_lut3_I0_O)        0.153     0.659 r  pke/prompt_reg_i_73/O
                         net (fo=2, routed)           0.674     1.333    pke/prompt_reg_i_73_n_0
    SLICE_X56Y0          LUT4 (Prop_lut4_I3_O)        0.331     1.664 r  pke/prompt_reg_i_76/O
                         net (fo=1, routed)           0.000     1.664    pke/prompt_reg_i_76_n_0
    SLICE_X56Y0          CARRY4 (Prop_carry4_S[3]_CO[3])
                                                      0.376     2.040 r  pke/prompt_reg_i_25/CO[3]
                         net (fo=1, routed)           0.000     2.040    pke/prompt_reg_i_25_n_0
    SLICE_X56Y1          CARRY4 (Prop_carry4_CI_CO[3])
                                                      0.117     2.157 r  pke/prompt_reg_i_47/CO[3]
                         net (fo=1, routed)           0.000     2.157    pke/prompt_reg_i_47_n_0
    SLICE_X56Y2          CARRY4 (Prop_carry4_CI_O[3])
                                                      0.315     2.472 r  pke/prompt_reg_i_28/O[3]
                         net (fo=4, routed)           0.652     3.124    pke/prompt_reg_i_28_n_4
    SLICE_X55Y3          CARRY4 (Prop_carry4_S[2]_CO[3])
                                                      0.705     3.829 r  pke/prompt_reg_i_16/CO[3]
                         net (fo=1, routed)           0.000     3.829    pke/prompt_reg_i_16_n_0
    SLICE_X55Y4          CARRY4 (Prop_carry4_CI_CO[0])
                                                      0.271     4.100 f  pke/prompt_reg_i_26/CO[0]
                         net (fo=8, routed)           0.759     4.859    pke/prompt_reg_i_26_n_3
    SLICE_X54Y4          LUT4 (Prop_lut4_I1_O)        0.399     5.258 r  pke/prompt_reg_i_14/O
                         net (fo=14, routed)          0.482     5.740    pke/prompt_reg_i_14_n_0
    DSP48_X1Y0           DSP48E1 (Prop_dsp48e1_A[16]_PCOUT[0])
                                                      4.260    10.000 r  pke/p_1_out/PCOUT[0]
                         net (fo=1, routed)           0.002    10.002    pke/p_1_out_n_153
    DSP48_X1Y1           DSP48E1                                      r  pke/prompt_reg__0/PCIN[0]
  -------------------------------------------------------------------    -------------------

                         (clock clk_pixel_clk_wiz_0 rise edge)
                                                     13.468    13.468 r  
    N15                                               0.000    13.468 r  clk_100mhz (IN)
                         net (fo=0)                   0.000    13.468    mhdmicw/clk_100mhz
    N15                  IBUF (Prop_ibuf_I_O)         1.370    14.838 r  mhdmicw/clkin1_ibufg/O
                         net (fo=1, routed)           1.162    16.000    mhdmicw/clk_ref_clk_wiz_0
    MMCME2_ADV_X0Y0      MMCME2_ADV (Prop_mmcme2_adv_CLKIN1_CLKOUT0)
                                                     -7.221     8.779 r  mhdmicw/mmcm_adv_inst/CLKOUT0
                         net (fo=1, routed)           1.587    10.366    mhdmicw/clk_pixel_clk_wiz_0
    BUFGCTRL_X0Y0        BUFG (Prop_bufg_I_O)         0.091    10.457 r  mhdmicw/clkout1_buf/O
                         net (fo=1822, routed)        1.542    11.999    pke/clk_pixel
    DSP48_X1Y1           DSP48E1                                      r  pke/prompt_reg__0/CLK
                         clock pessimism              0.576    12.575    
                         clock uncertainty           -0.168    12.407    
    DSP48_X1Y1           DSP48E1 (Setup_dsp48e1_CLK_PCIN[0])
                                                     -1.400    11.007    pke/prompt_reg__0
  -------------------------------------------------------------------
                         required time                         11.007    
                         arrival time                         -10.002    
  -------------------------------------------------------------------
                         slack                                  1.005    





Min Delay Paths
--------------------------------------------------------------------------------------
Slack (MET) :             0.081ns  (arrival time - required time)
  Source:                 precursor6/amt_buf_reg[34]/C
                            (rising edge-triggered cell FDRE clocked by clk_pixel_clk_wiz_0  {rise@0.000ns fall@6.734ns period=13.468ns})
  Destination:            precursor6/precursor_neutrons_reg[21]/D
                            (rising edge-triggered cell FDRE clocked by clk_pixel_clk_wiz_0  {rise@0.000ns fall@6.734ns period=13.468ns})
  Path Group:             clk_pixel_clk_wiz_0
  Path Type:              Hold (Min at Fast Process Corner)
  Requirement:            0.000ns  (clk_pixel_clk_wiz_0 rise@0.000ns - clk_pixel_clk_wiz_0 rise@0.000ns)
  Data Path Delay:        0.451ns  (logic 0.251ns (55.680%)  route 0.200ns (44.320%))
  Logic Levels:           2  (CARRY4=1 LUT6=1)
  Clock Path Skew:        0.265ns (DCD - SCD - CPR)
    Destination Clock Delay (DCD):    -0.875ns
    Source Clock Delay      (SCD):    -0.637ns
    Clock Pessimism Removal (CPR):    -0.503ns

    Location             Delay type                Incr(ns)  Path(ns)    Netlist Resource(s)
  -------------------------------------------------------------------    -------------------
                         (clock clk_pixel_clk_wiz_0 rise edge)
                                                      0.000     0.000 r  
    N15                                               0.000     0.000 r  clk_100mhz (IN)
                         net (fo=0)                   0.000     0.000    mhdmicw/clk_100mhz
    N15                  IBUF (Prop_ibuf_I_O)         0.209     0.209 r  mhdmicw/clkin1_ibufg/O
                         net (fo=1, routed)           0.440     0.649    mhdmicw/clk_ref_clk_wiz_0
    MMCME2_ADV_X0Y0      MMCME2_ADV (Prop_mmcme2_adv_CLKIN1_CLKOUT0)
                                                     -2.362    -1.714 r  mhdmicw/mmcm_adv_inst/CLKOUT0
                         net (fo=1, routed)           0.489    -1.225    mhdmicw/clk_pixel_clk_wiz_0
    BUFGCTRL_X0Y0        BUFG (Prop_bufg_I_O)         0.026    -1.199 r  mhdmicw/clkout1_buf/O
                         net (fo=1822, routed)        0.562    -0.637    precursor6/clk_pixel
    SLICE_X35Y5          FDRE                                         r  precursor6/amt_buf_reg[34]/C
  -------------------------------------------------------------------    -------------------
    SLICE_X35Y5          FDRE (Prop_fdre_C_Q)         0.141    -0.496 r  precursor6/amt_buf_reg[34]/Q
                         net (fo=6, routed)           0.200    -0.296    precursor6/amt_buf_reg_n_0_[34]
    SLICE_X39Y6          LUT6 (Prop_lut6_I5_O)        0.045    -0.251 r  precursor6/precursor_neutrons[23]_i_8__4/O
                         net (fo=1, routed)           0.000    -0.251    precursor6/precursor_neutrons[23]_i_8__4_n_0
    SLICE_X39Y6          CARRY4 (Prop_carry4_S[1]_O[1])
                                                      0.065    -0.186 r  precursor6/precursor_neutrons_reg[23]_i_1__4/O[1]
                         net (fo=1, routed)           0.000    -0.186    precursor6/precursor_neutrons_reg[23]_i_1__4_n_6
    SLICE_X39Y6          FDRE                                         r  precursor6/precursor_neutrons_reg[21]/D
  -------------------------------------------------------------------    -------------------

                         (clock clk_pixel_clk_wiz_0 rise edge)
                                                      0.000     0.000 r  
    N15                                               0.000     0.000 r  clk_100mhz (IN)
                         net (fo=0)                   0.000     0.000    mhdmicw/clk_100mhz
    N15                  IBUF (Prop_ibuf_I_O)         0.396     0.396 r  mhdmicw/clkin1_ibufg/O
                         net (fo=1, routed)           0.480     0.876    mhdmicw/clk_ref_clk_wiz_0
    MMCME2_ADV_X0Y0      MMCME2_ADV (Prop_mmcme2_adv_CLKIN1_CLKOUT0)
                                                     -3.145    -2.269 r  mhdmicw/mmcm_adv_inst/CLKOUT0
                         net (fo=1, routed)           0.534    -1.735    mhdmicw/clk_pixel_clk_wiz_0
    BUFGCTRL_X0Y0        BUFG (Prop_bufg_I_O)         0.029    -1.706 r  mhdmicw/clkout1_buf/O
                         net (fo=1822, routed)        0.832    -0.875    precursor6/clk_pixel
    SLICE_X39Y6          FDRE                                         r  precursor6/precursor_neutrons_reg[21]/C
                         clock pessimism              0.503    -0.372    
    SLICE_X39Y6          FDRE (Hold_fdre_C_D)         0.105    -0.267    precursor6/precursor_neutrons_reg[21]
  -------------------------------------------------------------------
                         required time                          0.267    
                         arrival time                          -0.186    
  -------------------------------------------------------------------
                         slack                                  0.081    





Pulse Width Checks
--------------------------------------------------------------------------------------
Clock Name:         clk_pixel_clk_wiz_0
Waveform(ns):       { 0.000 6.734 }
Period(ns):         13.468
Sources:            { mhdmicw/mmcm_adv_inst/CLKOUT0 }

Check Type        Corner  Lib Pin             Reference Pin  Required(ns)  Actual(ns)  Slack(ns)  Location         Pin
Min Period        n/a     BUFG/I              n/a            2.155         13.468      11.313     BUFGCTRL_X0Y0    mhdmicw/clkout1_buf/I
Max Period        n/a     MMCME2_ADV/CLKOUT0  n/a            213.360       13.468      199.892    MMCME2_ADV_X0Y0  mhdmicw/mmcm_adv_inst/CLKOUT0
Low Pulse Width   Slow    FDRE/C              n/a            0.500         6.734       6.234      SLICE_X42Y6      pre1_buf_reg[0]/C
High Pulse Width  Slow    FDRE/C              n/a            0.500         6.734       6.234      SLICE_X42Y6      pre1_buf_reg[0]/C



---------------------------------------------------------------------------------------------------
From Clock:  clk_tmds_clk_wiz_0
  To Clock:  clk_tmds_clk_wiz_0

Setup :           NA  Failing Endpoints,  Worst Slack           NA  ,  Total Violation           NA
Hold  :           NA  Failing Endpoints,  Worst Slack           NA  ,  Total Violation           NA
PW    :            0  Failing Endpoints,  Worst Slack        0.538ns,  Total Violation        0.000ns
---------------------------------------------------------------------------------------------------


Pulse Width Checks
--------------------------------------------------------------------------------------
Clock Name:         clk_tmds_clk_wiz_0
Waveform(ns):       { 0.000 1.347 }
Period(ns):         2.694
Sources:            { mhdmicw/mmcm_adv_inst/CLKOUT1 }

Check Type  Corner  Lib Pin             Reference Pin  Required(ns)  Actual(ns)  Slack(ns)  Location         Pin
Min Period  n/a     BUFG/I              n/a            2.155         2.694       0.538      BUFGCTRL_X0Y1    mhdmicw/clkout2_buf/I
Max Period  n/a     MMCME2_ADV/CLKOUT1  n/a            213.360       2.694       210.666    MMCME2_ADV_X0Y0  mhdmicw/mmcm_adv_inst/CLKOUT1



---------------------------------------------------------------------------------------------------
From Clock:  clkfbout_clk_wiz_0
  To Clock:  clkfbout_clk_wiz_0

Setup :           NA  Failing Endpoints,  Worst Slack           NA  ,  Total Violation           NA
Hold  :           NA  Failing Endpoints,  Worst Slack           NA  ,  Total Violation           NA
PW    :            0  Failing Endpoints,  Worst Slack       47.845ns,  Total Violation        0.000ns
---------------------------------------------------------------------------------------------------


Pulse Width Checks
--------------------------------------------------------------------------------------
Clock Name:         clkfbout_clk_wiz_0
Waveform(ns):       { 0.000 25.000 }
Period(ns):         50.000
Sources:            { mhdmicw/mmcm_adv_inst/CLKFBOUT }

Check Type  Corner  Lib Pin             Reference Pin  Required(ns)  Actual(ns)  Slack(ns)  Location         Pin
Min Period  n/a     BUFG/I              n/a            2.155         50.000      47.845     BUFGCTRL_X0Y2    mhdmicw/clkf_buf/I
Max Period  n/a     MMCME2_ADV/CLKFBIN  n/a            100.000       50.000      50.000     MMCME2_ADV_X0Y0  mhdmicw/mmcm_adv_inst/CLKFBIN



